<?xml version="1.0" encoding="UTF-8"?>
<!-- Generated by org.testng.reporters.JUnitReportReporter -->
<testsuite skipped="0" hostname="LAPTOP-04B1LE1H" name="com.nopcommerce.demo.testsuite.ComputerPageTest" tests="1" failures="0" timestamp="14 May 2022 10:14:00 GMT" time="8.780" errors="0">
  <testcase name="verifyUserShouldNavigateToDesktopsPageSuccessfully" time="8.780" classname="com.nopcommerce.demo.testsuite.ComputerPageTest"/>
</testsuite> <!-- com.nopcommerce.demo.testsuite.ComputerPageTest -->
